[2019-03-31 19:02:40] Текст ошибки: Нет соединения с БД | Файл: C:\OSPanel\domains\avshop\vendor\avshop\core\Db.php |
         Строка: 14
=================
[2019-03-31 19:02:44] Текст ошибки: Нет соединения с БД | Файл: C:\OSPanel\domains\avshop\vendor\avshop\core\Db.php |
         Строка: 14
=================
[2019-04-07 16:42:24] Текст ошибки: На найден вид C:\OSPanel\domains\avshop/app/views/Page/index.php | Файл: C:\OSPanel\domains\avshop\vendor\avshop\core\base\View.php |
         Строка: 38
=================
[2019-04-07 16:42:25] Текст ошибки: Страница не найдена | Файл: C:\OSPanel\domains\avshop\vendor\avshop\core\Router.php |
         Строка: 43
=================
[2019-04-07 16:55:44] Текст ошибки: Страница не найдена | Файл: C:\OSPanel\domains\avshop\vendor\avshop\core\Router.php |
         Строка: 43
=================
[2019-04-07 16:55:44] Текст ошибки: Страница не найдена | Файл: C:\OSPanel\domains\avshop\vendor\avshop\core\Router.php |
         Строка: 43
=================
[2019-04-07 16:55:44] Текст ошибки: Страница не найдена | Файл: C:\OSPanel\domains\avshop\vendor\avshop\core\Router.php |
         Строка: 43
=================
[2019-04-07 16:55:44] Текст ошибки: Страница не найдена | Файл: C:\OSPanel\domains\avshop\vendor\avshop\core\Router.php |
         Строка: 43
=================
[2019-04-07 16:55:44] Текст ошибки: Страница не найдена | Файл: C:\OSPanel\domains\avshop\vendor\avshop\core\Router.php |
         Строка: 43
=================
[2019-04-07 16:55:44] Текст ошибки: Страница не найдена | Файл: C:\OSPanel\domains\avshop\vendor\avshop\core\Router.php |
         Строка: 43
=================
[2019-04-07 16:55:44] Текст ошибки: Страница не найдена | Файл: C:\OSPanel\domains\avshop\vendor\avshop\core\Router.php |
         Строка: 43
=================
[2019-04-07 16:55:44] Текст ошибки: Страница не найдена | Файл: C:\OSPanel\domains\avshop\vendor\avshop\core\Router.php |
         Строка: 43
=================
[2019-04-07 16:55:44] Текст ошибки: Страница не найдена | Файл: C:\OSPanel\domains\avshop\vendor\avshop\core\Router.php |
         Строка: 43
=================
[2019-04-07 16:55:45] Текст ошибки: Страница не найдена | Файл: C:\OSPanel\domains\avshop\vendor\avshop\core\Router.php |
         Строка: 43
=================
[2019-04-07 16:55:45] Текст ошибки: Страница не найдена | Файл: C:\OSPanel\domains\avshop\vendor\avshop\core\Router.php |
         Строка: 43
=================
[2019-04-07 16:55:45] Текст ошибки: Страница не найдена | Файл: C:\OSPanel\domains\avshop\vendor\avshop\core\Router.php |
         Строка: 43
=================
[2019-04-07 16:55:45] Текст ошибки: Страница не найдена | Файл: C:\OSPanel\domains\avshop\vendor\avshop\core\Router.php |
         Строка: 43
=================
[2019-04-07 16:56:41] Текст ошибки: Страница не найдена | Файл: C:\OSPanel\domains\avshop\vendor\avshop\core\Router.php |
         Строка: 43
=================
[2019-04-07 16:56:41] Текст ошибки: Страница не найдена | Файл: C:\OSPanel\domains\avshop\vendor\avshop\core\Router.php |
         Строка: 43
=================
[2019-04-07 16:56:41] Текст ошибки: Страница не найдена | Файл: C:\OSPanel\domains\avshop\vendor\avshop\core\Router.php |
         Строка: 43
=================
[2019-04-07 16:56:41] Текст ошибки: Страница не найдена | Файл: C:\OSPanel\domains\avshop\vendor\avshop\core\Router.php |
         Строка: 43
=================
[2019-04-07 16:56:41] Текст ошибки: Страница не найдена | Файл: C:\OSPanel\domains\avshop\vendor\avshop\core\Router.php |
         Строка: 43
=================
[2019-04-07 16:56:41] Текст ошибки: Страница не найдена | Файл: C:\OSPanel\domains\avshop\vendor\avshop\core\Router.php |
         Строка: 43
=================
[2019-04-07 16:56:41] Текст ошибки: Страница не найдена | Файл: C:\OSPanel\domains\avshop\vendor\avshop\core\Router.php |
         Строка: 43
=================
[2019-04-07 16:56:41] Текст ошибки: Страница не найдена | Файл: C:\OSPanel\domains\avshop\vendor\avshop\core\Router.php |
         Строка: 43
=================
[2019-04-07 16:56:41] Текст ошибки: Страница не найдена | Файл: C:\OSPanel\domains\avshop\vendor\avshop\core\Router.php |
         Строка: 43
=================
[2019-04-07 16:56:41] Текст ошибки: Страница не найдена | Файл: C:\OSPanel\domains\avshop\vendor\avshop\core\Router.php |
         Строка: 43
=================
[2019-04-07 16:56:41] Текст ошибки: Страница не найдена | Файл: C:\OSPanel\domains\avshop\vendor\avshop\core\Router.php |
         Строка: 43
=================
[2019-04-07 16:56:41] Текст ошибки: Страница не найдена | Файл: C:\OSPanel\domains\avshop\vendor\avshop\core\Router.php |
         Строка: 43
=================
[2019-04-07 16:57:41] Текст ошибки: Страница не найдена | Файл: C:\OSPanel\domains\avshop\vendor\avshop\core\Router.php |
         Строка: 43
=================
[2019-04-07 16:57:41] Текст ошибки: Страница не найдена | Файл: C:\OSPanel\domains\avshop\vendor\avshop\core\Router.php |
         Строка: 43
=================
[2019-04-07 16:57:41] Текст ошибки: Страница не найдена | Файл: C:\OSPanel\domains\avshop\vendor\avshop\core\Router.php |
         Строка: 43
=================
[2019-04-07 16:57:41] Текст ошибки: Страница не найдена | Файл: C:\OSPanel\domains\avshop\vendor\avshop\core\Router.php |
         Строка: 43
=================
[2019-04-07 16:57:41] Текст ошибки: Страница не найдена | Файл: C:\OSPanel\domains\avshop\vendor\avshop\core\Router.php |
         Строка: 43
=================
[2019-04-07 16:57:41] Текст ошибки: Страница не найдена | Файл: C:\OSPanel\domains\avshop\vendor\avshop\core\Router.php |
         Строка: 43
=================
[2019-04-07 16:57:41] Текст ошибки: Страница не найдена | Файл: C:\OSPanel\domains\avshop\vendor\avshop\core\Router.php |
         Строка: 43
=================
[2019-04-07 16:57:41] Текст ошибки: Страница не найдена | Файл: C:\OSPanel\domains\avshop\vendor\avshop\core\Router.php |
         Строка: 43
=================
[2019-04-07 16:57:41] Текст ошибки: Страница не найдена | Файл: C:\OSPanel\domains\avshop\vendor\avshop\core\Router.php |
         Строка: 43
=================
[2019-04-07 16:57:41] Текст ошибки: Страница не найдена | Файл: C:\OSPanel\domains\avshop\vendor\avshop\core\Router.php |
         Строка: 43
=================
[2019-04-07 16:57:41] Текст ошибки: Страница не найдена | Файл: C:\OSPanel\domains\avshop\vendor\avshop\core\Router.php |
         Строка: 43
=================
[2019-04-07 16:57:41] Текст ошибки: Страница не найдена | Файл: C:\OSPanel\domains\avshop\vendor\avshop\core\Router.php |
         Строка: 43
=================
[2019-04-07 16:57:41] Текст ошибки: Страница не найдена | Файл: C:\OSPanel\domains\avshop\vendor\avshop\core\Router.php |
         Строка: 43
=================
[2019-04-07 17:04:50] Текст ошибки: Страница не найдена | Файл: C:\OSPanel\domains\avshop\vendor\avshop\core\Router.php |
         Строка: 43
=================
[2019-04-07 17:05:01] Текст ошибки: Страница не найдена | Файл: C:\OSPanel\domains\avshop\vendor\avshop\core\Router.php |
         Строка: 43
=================
[2019-04-07 17:06:49] Текст ошибки: Страница не найдена | Файл: C:\OSPanel\domains\avshop\vendor\avshop\core\Router.php |
         Строка: 43
=================
[2019-04-07 17:10:43] Текст ошибки: Страница не найдена | Файл: C:\OSPanel\domains\avshop\vendor\avshop\core\Router.php |
         Строка: 43
=================
[2019-04-07 17:10:43] Текст ошибки: Страница не найдена | Файл: C:\OSPanel\domains\avshop\vendor\avshop\core\Router.php |
         Строка: 43
=================
[2019-04-07 17:10:43] Текст ошибки: Страница не найдена | Файл: C:\OSPanel\domains\avshop\vendor\avshop\core\Router.php |
         Строка: 43
=================
[2019-04-07 17:10:43] Текст ошибки: Страница не найдена | Файл: C:\OSPanel\domains\avshop\vendor\avshop\core\Router.php |
         Строка: 43
=================
[2019-04-07 17:10:43] Текст ошибки: Страница не найдена | Файл: C:\OSPanel\domains\avshop\vendor\avshop\core\Router.php |
         Строка: 43
=================
[2019-04-07 17:10:43] Текст ошибки: Страница не найдена | Файл: C:\OSPanel\domains\avshop\vendor\avshop\core\Router.php |
         Строка: 43
=================
[2019-04-07 17:10:43] Текст ошибки: Страница не найдена | Файл: C:\OSPanel\domains\avshop\vendor\avshop\core\Router.php |
         Строка: 43
=================
[2019-04-07 17:10:43] Текст ошибки: Страница не найдена | Файл: C:\OSPanel\domains\avshop\vendor\avshop\core\Router.php |
         Строка: 43
=================
[2019-04-07 17:10:43] Текст ошибки: Страница не найдена | Файл: C:\OSPanel\domains\avshop\vendor\avshop\core\Router.php |
         Строка: 43
=================
[2019-04-07 17:10:43] Текст ошибки: Страница не найдена | Файл: C:\OSPanel\domains\avshop\vendor\avshop\core\Router.php |
         Строка: 43
=================
[2019-04-07 17:10:43] Текст ошибки: Страница не найдена | Файл: C:\OSPanel\domains\avshop\vendor\avshop\core\Router.php |
         Строка: 43
=================
[2019-04-07 17:10:43] Текст ошибки: Страница не найдена | Файл: C:\OSPanel\domains\avshop\vendor\avshop\core\Router.php |
         Строка: 43
=================
[2019-04-07 17:10:43] Текст ошибки: Страница не найдена | Файл: C:\OSPanel\domains\avshop\vendor\avshop\core\Router.php |
         Строка: 43
=================
[2019-04-07 17:18:21] Текст ошибки: Страница не найдена | Файл: C:\OSPanel\domains\avshop\vendor\avshop\core\Router.php |
         Строка: 43
=================
[2019-04-07 17:18:21] Текст ошибки: Страница не найдена | Файл: C:\OSPanel\domains\avshop\vendor\avshop\core\Router.php |
         Строка: 43
=================
[2019-04-07 18:03:24] Текст ошибки: Страница не найдена | Файл: C:\OSPanel\domains\avshop\vendor\avshop\core\Router.php |
         Строка: 43
=================
[2019-04-07 18:28:15] Текст ошибки: Контроллер app\controllers\admin\MainController не найден | Файл: C:\OSPanel\domains\avshop\vendor\avshop\core\Router.php |
         Строка: 39
=================
[2019-04-07 18:28:55] Текст ошибки: Страница не найдена | Файл: C:\OSPanel\domains\avshop\vendor\avshop\core\Router.php |
         Строка: 43
=================
[2019-04-07 18:37:03] Текст ошибки: Страница не найдена | Файл: C:\OSPanel\domains\avshop\vendor\avshop\core\Router.php |
         Строка: 43
=================
[2019-04-07 18:43:29] Текст ошибки: Страница не найдена | Файл: C:\OSPanel\domains\avshop\vendor\avshop\core\Router.php |
         Строка: 43
=================
[2019-04-07 18:52:21] Текст ошибки: Страница не найдена | Файл: C:\OSPanel\domains\avshop\vendor\avshop\core\Router.php |
         Строка: 43
=================
[2019-04-07 18:54:28] Текст ошибки: Страница не найдена | Файл: C:\OSPanel\domains\avshop\vendor\avshop\core\Router.php |
         Строка: 43
=================
[2019-04-07 19:47:31] Текст ошибки: Страница не найдена | Файл: C:\OSPanel\domains\avshop\vendor\avshop\core\Router.php |
         Строка: 43
=================
[2019-04-07 19:59:20] Текст ошибки: Страница не найдена | Файл: C:\OSPanel\domains\avshop\vendor\avshop\core\Router.php |
         Строка: 43
=================
[2019-04-07 19:59:55] Текст ошибки: Контроллер app\controllers\GghController не найден | Файл: C:\OSPanel\domains\avshop\vendor\avshop\core\Router.php |
         Строка: 39
=================
[2019-04-07 20:10:08] Текст ошибки: Страница не найдена | Файл: C:\OSPanel\domains\avshop\vendor\avshop\core\Router.php |
         Строка: 43
=================
[2019-07-28 15:33:48] Текст ошибки: Страница не найдена | Файл: /var/www/avshop/app/controllers/CategoryController.php |
         Строка: 19
=================
[2019-07-28 15:33:54] Текст ошибки: Страница не найдена | Файл: /var/www/avshop/app/controllers/CategoryController.php |
         Строка: 19
=================
[2019-07-29 20:38:38] Текст ошибки: Страница не найдена | Файл: /var/www/avshop/vendor/avshop/core/Router.php |
         Строка: 43
=================
[2019-07-29 21:53:37] Текст ошибки: На найден вид /var/www/avshop/app/views/admin/User/edit.php | Файл: /var/www/avshop/vendor/avshop/core/base/View.php |
         Строка: 46
=================
[2019-07-29 21:57:12] Текст ошибки: Метод app\controllers\admin\UserController::addAction не найден | Файл: /var/www/avshop/vendor/avshop/core/Router.php |
         Строка: 36
=================
[2019-07-29 22:25:06] Текст ошибки: Страница не найдена | Файл: /var/www/avshop/app/controllers/admin/AppController.php |
         Строка: 31
=================
[2019-07-29 22:25:17] Текст ошибки: Страница не найдена | Файл: /var/www/avshop/app/controllers/admin/AppController.php |
         Строка: 31
=================
[2019-07-29 22:27:22] Текст ошибки: Страница не найдена | Файл: /var/www/avshop/app/controllers/admin/AppController.php |
         Строка: 31
=================
[2019-07-29 23:10:30] Текст ошибки: SQLSTATE[42S22]: Column not found: 1054 Unknown column 'order.status' in 'field list' | Файл: /var/www/avshop/vendor/gabordemooij/redbean/RedBeanPHP/Driver/RPDO.php |
         Строка: 194
=================
[2019-07-29 23:11:51] Текст ошибки: SQLSTATE[42S22]: Column not found: 1054 Unknown column 'order.status' in 'field list' | Файл: /var/www/avshop/vendor/gabordemooij/redbean/RedBeanPHP/Driver/RPDO.php |
         Строка: 194
=================
[2019-07-29 23:11:55] Текст ошибки: SQLSTATE[42S22]: Column not found: 1054 Unknown column 'order.status' in 'field list' | Файл: /var/www/avshop/vendor/gabordemooij/redbean/RedBeanPHP/Driver/RPDO.php |
         Строка: 194
=================
[2019-07-29 23:12:01] Текст ошибки: SQLSTATE[42S22]: Column not found: 1054 Unknown column 'order.status' in 'field list' | Файл: /var/www/avshop/vendor/gabordemooij/redbean/RedBeanPHP/Driver/RPDO.php |
         Строка: 194
=================
[2019-07-29 23:13:31] Текст ошибки: Страница не найдена | Файл: /var/www/avshop/app/controllers/admin/AppController.php |
         Строка: 31
=================
[2019-07-30 12:58:31] Текст ошибки: Страница не найдена | Файл: /var/www/avshop/vendor/avshop/core/Router.php |
         Строка: 43
=================
[2019-07-30 12:58:31] Текст ошибки: Страница не найдена | Файл: /var/www/avshop/vendor/avshop/core/Router.php |
         Строка: 43
=================
[2019-07-30 12:59:38] Текст ошибки: Страница не найдена | Файл: /var/www/avshop/app/controllers/admin/AppController.php |
         Строка: 31
=================
[2019-07-30 14:02:01] Текст ошибки: Метод app\controllers\admin\UserController::addAction не найден | Файл: /var/www/avshop/vendor/avshop/core/Router.php |
         Строка: 36
=================
[2019-07-30 15:18:52] Текст ошибки: Метод app\controllers\admin\UserController::addAction не найден | Файл: /var/www/avshop/vendor/avshop/core/Router.php |
         Строка: 36
=================
[2019-07-30 15:19:06] Текст ошибки: Контроллер app\controllers\admin\ProductController не найден | Файл: /var/www/avshop/vendor/avshop/core/Router.php |
         Строка: 39
=================
[2019-07-30 16:26:31] Текст ошибки: Метод app\controllers\admin\UserController::addAction не найден | Файл: /var/www/avshop/vendor/avshop/core/Router.php |
         Строка: 36
=================
[2019-07-31 13:52:06] Текст ошибки: Страница не найдена | Файл: /var/www/avshop/vendor/avshop/core/Router.php |
         Строка: 43
=================
[2019-07-31 13:52:06] Текст ошибки: Страница не найдена | Файл: /var/www/avshop/vendor/avshop/core/Router.php |
         Строка: 43
=================
[2019-07-31 14:26:34] Текст ошибки: На найден вид /var/www/avshop/app/views/admin/Product/index.php | Файл: /var/www/avshop/vendor/avshop/core/base/View.php |
         Строка: 46
=================
[2019-07-31 15:25:04] Текст ошибки: Метод app\controllers\admin\ProductController::viewAction не найден | Файл: /var/www/avshop/vendor/avshop/core/Router.php |
         Строка: 36
=================
[2019-07-31 17:42:40] Текст ошибки: Метод app\controllers\admin\ProductController::editAction не найден | Файл: /var/www/avshop/vendor/avshop/core/Router.php |
         Строка: 36
=================
[2019-07-31 17:47:33] Текст ошибки: Метод app\controllers\admin\ProductController::editAction не найден | Файл: /var/www/avshop/vendor/avshop/core/Router.php |
         Строка: 36
=================
[2019-07-31 18:01:04] Текст ошибки: Class 'app\controllers\admin\Product' not found | Файл: /var/www/avshop/app/controllers/admin/ProductController.php |
         Строка: 24
=================
[2019-07-31 20:30:15] Текст ошибки: SQLSTATE[23000]: Integrity constraint violation: 1062 Duplicate entry '' for key 'alias' | Файл: /var/www/avshop/vendor/gabordemooij/redbean/RedBeanPHP/Driver/RPDO.php |
         Строка: 194
=================
[2019-07-31 20:35:04] Текст ошибки: Метод app\controllers\admin\ProductController::editAction не найден | Файл: /var/www/avshop/vendor/avshop/core/Router.php |
         Строка: 36
=================
[2019-08-01 13:01:16] Текст ошибки: Страница не найдена | Файл: /var/www/avshop/vendor/avshop/core/Router.php |
         Строка: 43
=================
[2019-08-01 13:01:16] Текст ошибки: Страница не найдена | Файл: /var/www/avshop/vendor/avshop/core/Router.php |
         Строка: 43
=================
[2019-08-01 13:12:44] Текст ошибки: Метод app\controllers\admin\ProductController::editAction не найден | Файл: /var/www/avshop/vendor/avshop/core/Router.php |
         Строка: 36
=================
[2019-08-01 13:12:58] Текст ошибки: Страница не найдена | Файл: /var/www/avshop/vendor/avshop/core/Router.php |
         Строка: 43
=================
[2019-08-01 13:13:12] Текст ошибки: Страница не найдена | Файл: /var/www/avshop/vendor/avshop/core/Router.php |
         Строка: 43
=================
[2019-08-01 13:13:33] Текст ошибки: Страница не найдена | Файл: /var/www/avshop/vendor/avshop/core/Router.php |
         Строка: 43
=================
[2019-08-01 13:13:38] Текст ошибки: Страница не найдена | Файл: /var/www/avshop/vendor/avshop/core/Router.php |
         Строка: 43
=================
[2019-08-01 13:13:47] Текст ошибки: Страница не найдена | Файл: /var/www/avshop/vendor/avshop/core/Router.php |
         Строка: 43
=================
[2019-08-01 13:49:44] Текст ошибки: Страница не найдена | Файл: /var/www/avshop/vendor/avshop/core/Router.php |
         Строка: 43
=================
[2019-08-01 13:50:00] Текст ошибки: Страница не найдена | Файл: /var/www/avshop/vendor/avshop/core/Router.php |
         Строка: 43
=================
[2019-08-01 13:58:48] Текст ошибки: Страница не найдена | Файл: /var/www/avshop/app/controllers/ProductController.php |
         Строка: 16
=================
[2019-08-01 16:58:49] Текст ошибки: Метод app\controllers\admin\ProductController::editAction не найден | Файл: /var/www/avshop/vendor/avshop/core/Router.php |
         Строка: 36
=================
[2019-08-01 17:02:27] Текст ошибки: Страница не найдена | Файл: /var/www/avshop/vendor/avshop/core/Router.php |
         Строка: 43
=================
[2019-08-01 17:02:50] Текст ошибки: Страница не найдена | Файл: /var/www/avshop/vendor/avshop/core/Router.php |
         Строка: 43
=================
[2019-08-03 14:44:06] Текст ошибки: Страница не найдена | Файл: /var/www/avshop/vendor/avshop/core/Router.php |
         Строка: 43
=================
[2019-08-03 15:21:25] Текст ошибки: Метод app\controllers\admin\ProductController::relatedProductAction не найден | Файл: /var/www/avshop/vendor/avshop/core/Router.php |
         Строка: 36
=================
[2019-08-03 15:21:32] Текст ошибки: Метод app\controllers\admin\ProductController::relatedProductAction не найден | Файл: /var/www/avshop/vendor/avshop/core/Router.php |
         Строка: 36
=================
[2019-08-03 15:21:33] Текст ошибки: Метод app\controllers\admin\ProductController::relatedProductAction не найден | Файл: /var/www/avshop/vendor/avshop/core/Router.php |
         Строка: 36
=================
[2019-08-03 15:21:35] Текст ошибки: Метод app\controllers\admin\ProductController::relatedProductAction не найден | Файл: /var/www/avshop/vendor/avshop/core/Router.php |
         Строка: 36
=================
[2019-08-03 18:35:49] Текст ошибки: Страница не найдена | Файл: /var/www/avshop/vendor/avshop/core/Router.php |
         Строка: 43
=================
[2019-08-03 18:35:49] Текст ошибки: Страница не найдена | Файл: /var/www/avshop/vendor/avshop/core/Router.php |
         Строка: 43
=================
[2019-08-03 19:38:18] Текст ошибки: Метод app\controllers\admin\ProductController::addImageAction не найден | Файл: /var/www/avshop/vendor/avshop/core/Router.php |
         Строка: 36
=================
[2019-08-03 19:38:32] Текст ошибки: Метод app\controllers\admin\ProductController::addImageAction не найден | Файл: /var/www/avshop/vendor/avshop/core/Router.php |
         Строка: 36
=================
[2019-08-03 19:55:03] Текст ошибки: Class 'app\controllers\admin\App' not found | Файл: /var/www/avshop/app/controllers/admin/ProductController.php |
         Строка: 59
=================
[2019-08-03 19:55:19] Текст ошибки: Class 'app\controllers\admin\App' not found | Файл: /var/www/avshop/app/controllers/admin/ProductController.php |
         Строка: 62
=================
[2019-08-03 20:00:47] Текст ошибки: Class 'app\controllers\admin\App' not found | Файл: /var/www/avshop/app/controllers/admin/ProductController.php |
         Строка: 59
=================
[2019-08-03 20:02:37] Текст ошибки: Class 'app\controllers\admin\App' not found | Файл: /var/www/avshop/app/controllers/admin/ProductController.php |
         Строка: 59
=================
[2019-08-03 20:15:00] Текст ошибки: Class 'app\controllers\admin\App' not found | Файл: /var/www/avshop/app/controllers/admin/ProductController.php |
         Строка: 59
=================
[2019-08-03 20:19:23] Текст ошибки: Class 'app\controllers\admin\App' not found | Файл: /var/www/avshop/app/controllers/admin/ProductController.php |
         Строка: 59
=================
[2019-08-03 20:21:50] Текст ошибки: Class 'app\controllers\admin\App' not found | Файл: /var/www/avshop/app/controllers/admin/ProductController.php |
         Строка: 59
=================
[2019-08-03 20:22:15] Текст ошибки: Class 'app\controllers\admin\App' not found | Файл: /var/www/avshop/app/controllers/admin/ProductController.php |
         Строка: 59
=================
[2019-08-03 20:24:41] Текст ошибки: Страница не найдена | Файл: /var/www/avshop/vendor/avshop/core/Router.php |
         Строка: 43
=================
[2019-08-03 20:24:42] Текст ошибки: Страница не найдена | Файл: /var/www/avshop/vendor/avshop/core/Router.php |
         Строка: 43
=================
[2019-08-03 20:26:10] Текст ошибки: Class 'app\controllers\admin\App' not found | Файл: /var/www/avshop/app/controllers/admin/ProductController.php |
         Строка: 59
=================
[2019-08-03 20:31:55] Текст ошибки: Страница не найдена | Файл: /var/www/avshop/vendor/avshop/core/Router.php |
         Строка: 43
=================
[2019-08-03 20:32:59] Текст ошибки: Страница не найдена | Файл: /var/www/avshop/vendor/avshop/core/Router.php |
         Строка: 43
=================
[2019-08-03 20:35:03] Текст ошибки: Страница не найдена | Файл: /var/www/avshop/vendor/avshop/core/Router.php |
         Строка: 43
=================
[2019-08-03 20:35:49] Текст ошибки: Страница не найдена | Файл: /var/www/avshop/vendor/avshop/core/Router.php |
         Строка: 43
=================
[2019-08-03 20:37:22] Текст ошибки: Страница не найдена | Файл: /var/www/avshop/vendor/avshop/core/Router.php |
         Строка: 43
=================
[2019-08-03 21:02:59] Текст ошибки: Страница не найдена | Файл: /var/www/avshop/vendor/avshop/core/Router.php |
         Строка: 43
=================
[2019-08-03 21:02:59] Текст ошибки: Страница не найдена | Файл: /var/www/avshop/vendor/avshop/core/Router.php |
         Строка: 43
=================
[2019-08-03 21:02:59] Текст ошибки: Страница не найдена | Файл: /var/www/avshop/vendor/avshop/core/Router.php |
         Строка: 43
=================
[2019-08-03 21:02:59] Текст ошибки: Страница не найдена | Файл: /var/www/avshop/vendor/avshop/core/Router.php |
         Строка: 43
=================
[2019-08-03 21:12:41] Текст ошибки: Страница не найдена | Файл: /var/www/avshop/app/controllers/ProductController.php |
         Строка: 16
=================
[2019-08-03 21:18:19] Текст ошибки: Метод app\controllers\admin\ProductController::editAction не найден | Файл: /var/www/avshop/vendor/avshop/core/Router.php |
         Строка: 36
=================
[2019-08-04 13:57:15] Текст ошибки: Страница не найдена | Файл: /var/www/avshop/vendor/avshop/core/Router.php |
         Строка: 43
=================
[2019-08-04 13:57:15] Текст ошибки: Страница не найдена | Файл: /var/www/avshop/vendor/avshop/core/Router.php |
         Строка: 43
=================
[2019-08-04 14:15:04] Текст ошибки: Страница не найдена | Файл: /var/www/avshop/vendor/avshop/core/Router.php |
         Строка: 43
=================
[2019-08-04 14:16:09] Текст ошибки: Страница не найдена | Файл: /var/www/avshop/vendor/avshop/core/Router.php |
         Строка: 43
=================
[2019-08-04 14:19:44] Текст ошибки: Страница не найдена | Файл: /var/www/avshop/vendor/avshop/core/Router.php |
         Строка: 43
=================
[2019-08-04 14:27:11] Текст ошибки: Страница не найдена | Файл: /var/www/avshop/vendor/avshop/core/Router.php |
         Строка: 43
=================
[2019-08-04 14:30:25] Текст ошибки: Страница не найдена | Файл: /var/www/avshop/vendor/avshop/core/Router.php |
         Строка: 43
=================
[2019-08-04 14:32:57] Текст ошибки: Страница не найдена | Файл: /var/www/avshop/vendor/avshop/core/Router.php |
         Строка: 43
=================
[2019-08-04 14:33:22] Текст ошибки: Страница не найдена | Файл: /var/www/avshop/vendor/avshop/core/Router.php |
         Строка: 43
=================
[2019-08-04 14:38:28] Текст ошибки: Страница не найдена | Файл: /var/www/avshop/vendor/avshop/core/Router.php |
         Строка: 43
=================
[2019-08-04 14:43:54] Текст ошибки: Страница не найдена | Файл: /var/www/avshop/vendor/avshop/core/Router.php |
         Строка: 43
=================
[2019-08-04 14:52:33] Текст ошибки: Страница не найдена | Файл: /var/www/avshop/vendor/avshop/core/Router.php |
         Строка: 43
=================
[2019-08-04 14:53:03] Текст ошибки: Страница не найдена | Файл: /var/www/avshop/vendor/avshop/core/Router.php |
         Строка: 43
=================
[2019-08-04 14:53:03] Текст ошибки: Страница не найдена | Файл: /var/www/avshop/vendor/avshop/core/Router.php |
         Строка: 43
=================
[2019-08-04 16:05:06] Текст ошибки: Страница не найдена | Файл: /var/www/avshop/app/controllers/ProductController.php |
         Строка: 16
=================
[2019-08-04 18:27:43] Текст ошибки: Страница не найдена | Файл: /var/www/avshop/vendor/avshop/core/Router.php |
         Строка: 43
=================
[2019-08-04 18:27:44] Текст ошибки: Страница не найдена | Файл: /var/www/avshop/vendor/avshop/core/Router.php |
         Строка: 43
=================
[2019-08-04 18:27:55] Текст ошибки: Страница не найдена | Файл: /var/www/avshop/vendor/avshop/core/Router.php |
         Строка: 43
=================
[2019-08-04 18:27:55] Текст ошибки: Страница не найдена | Файл: /var/www/avshop/vendor/avshop/core/Router.php |
         Строка: 43
=================
[2019-08-04 18:27:57] Текст ошибки: Страница не найдена | Файл: /var/www/avshop/vendor/avshop/core/Router.php |
         Строка: 43
=================
[2019-08-04 18:27:58] Текст ошибки: Страница не найдена | Файл: /var/www/avshop/vendor/avshop/core/Router.php |
         Строка: 43
=================
[2019-08-04 18:27:59] Текст ошибки: Страница не найдена | Файл: /var/www/avshop/vendor/avshop/core/Router.php |
         Строка: 43
=================
[2019-08-04 18:28:03] Текст ошибки: Страница не найдена | Файл: /var/www/avshop/vendor/avshop/core/Router.php |
         Строка: 43
=================
[2019-08-04 18:28:30] Текст ошибки: Страница не найдена | Файл: /var/www/avshop/vendor/avshop/core/Router.php |
         Строка: 43
=================
[2019-08-04 18:28:37] Текст ошибки: Страница не найдена | Файл: /var/www/avshop/vendor/avshop/core/Router.php |
         Строка: 43
=================
[2019-08-04 18:28:38] Текст ошибки: Страница не найдена | Файл: /var/www/avshop/vendor/avshop/core/Router.php |
         Строка: 43
=================
[2019-08-04 18:28:58] Текст ошибки: Страница не найдена | Файл: /var/www/avshop/vendor/avshop/core/Router.php |
         Строка: 43
=================
[2019-08-04 18:28:58] Текст ошибки: Страница не найдена | Файл: /var/www/avshop/vendor/avshop/core/Router.php |
         Строка: 43
=================
[2019-08-04 18:29:05] Текст ошибки: Страница не найдена | Файл: /var/www/avshop/vendor/avshop/core/Router.php |
         Строка: 43
=================
[2019-08-04 18:29:08] Текст ошибки: Страница не найдена | Файл: /var/www/avshop/vendor/avshop/core/Router.php |
         Строка: 43
=================
[2019-08-04 18:29:12] Текст ошибки: Страница не найдена | Файл: /var/www/avshop/vendor/avshop/core/Router.php |
         Строка: 43
=================
[2019-08-04 18:29:13] Текст ошибки: Страница не найдена | Файл: /var/www/avshop/vendor/avshop/core/Router.php |
         Строка: 43
=================
[2019-08-04 18:29:20] Текст ошибки: Страница не найдена | Файл: /var/www/avshop/vendor/avshop/core/Router.php |
         Строка: 43
=================
[2019-08-04 18:29:44] Текст ошибки: Страница не найдена | Файл: /var/www/avshop/vendor/avshop/core/Router.php |
         Строка: 43
=================
[2019-08-04 18:30:05] Текст ошибки: Страница не найдена | Файл: /var/www/avshop/vendor/avshop/core/Router.php |
         Строка: 43
=================
[2019-08-04 18:30:05] Текст ошибки: Страница не найдена | Файл: /var/www/avshop/vendor/avshop/core/Router.php |
         Строка: 43
=================
[2019-08-04 18:30:07] Текст ошибки: Страница не найдена | Файл: /var/www/avshop/vendor/avshop/core/Router.php |
         Строка: 43
=================
[2019-08-04 18:30:22] Текст ошибки: Страница не найдена | Файл: /var/www/avshop/vendor/avshop/core/Router.php |
         Строка: 43
=================
[2019-08-04 18:30:25] Текст ошибки: Страница не найдена | Файл: /var/www/avshop/vendor/avshop/core/Router.php |
         Строка: 43
=================
[2019-08-04 18:30:26] Текст ошибки: Страница не найдена | Файл: /var/www/avshop/vendor/avshop/core/Router.php |
         Строка: 43
=================
[2019-08-04 18:30:31] Текст ошибки: Страница не найдена | Файл: /var/www/avshop/vendor/avshop/core/Router.php |
         Строка: 43
=================
[2019-08-04 18:30:31] Текст ошибки: Страница не найдена | Файл: /var/www/avshop/vendor/avshop/core/Router.php |
         Строка: 43
=================
[2019-08-04 18:30:35] Текст ошибки: Страница не найдена | Файл: /var/www/avshop/vendor/avshop/core/Router.php |
         Строка: 43
=================
[2019-08-04 18:51:41] Текст ошибки: Страница не найдена | Файл: /var/www/avshop/app/controllers/ProductController.php |
         Строка: 16
=================
[2019-08-04 19:34:54] Текст ошибки: Страница не найдена | Файл: /var/www/avshop/vendor/avshop/core/Router.php |
         Строка: 43
=================
[2019-08-04 19:35:03] Текст ошибки: Страница не найдена | Файл: /var/www/avshop/vendor/avshop/core/Router.php |
         Строка: 43
=================
[2019-08-04 19:35:05] Текст ошибки: Страница не найдена | Файл: /var/www/avshop/app/controllers/ProductController.php |
         Строка: 16
=================
[2019-08-04 19:51:39] Текст ошибки: Страница не найдена | Файл: /var/www/avshop/app/controllers/ProductController.php |
         Строка: 16
=================
[2019-08-04 19:56:51] Текст ошибки: Страница не найдена | Файл: /var/www/avshop/app/controllers/ProductController.php |
         Строка: 16
=================
[2019-08-04 20:11:42] Текст ошибки: Страница не найдена | Файл: /var/www/avshop/vendor/avshop/core/Router.php |
         Строка: 43
=================
[2019-08-04 21:25:35] Текст ошибки: Страница не найдена | Файл: /var/www/avshop/vendor/avshop/core/Router.php |
         Строка: 43
=================
[2019-08-04 21:25:46] Текст ошибки: Страница не найдена | Файл: /var/www/avshop/vendor/avshop/core/Router.php |
         Строка: 43
=================
[2019-08-09 22:00:48] Текст ошибки: Страница не найдена | Файл: /var/www/avshop/vendor/avshop/core/Router.php |
         Строка: 43
=================
[2019-08-09 22:00:48] Текст ошибки: Страница не найдена | Файл: /var/www/avshop/vendor/avshop/core/Router.php |
         Строка: 43
=================
[2019-08-10 14:09:03] Текст ошибки: Страница не найдена | Файл: /var/www/avshop/vendor/avshop/core/Router.php |
         Строка: 43
=================
[2019-08-10 14:09:03] Текст ошибки: Страница не найдена | Файл: /var/www/avshop/vendor/avshop/core/Router.php |
         Строка: 43
=================
[2019-08-10 15:19:37] Текст ошибки: Контроллер app\controllers\admin\FilterController не найден | Файл: /var/www/avshop/vendor/avshop/core/Router.php |
         Строка: 39
=================
[2019-08-10 15:19:49] Текст ошибки: Контроллер app\controllers\admin\CurrencyController не найден | Файл: /var/www/avshop/vendor/avshop/core/Router.php |
         Строка: 39
=================
[2019-08-10 15:20:24] Текст ошибки: Контроллер app\controllers\admin\FilterController не найден | Файл: /var/www/avshop/vendor/avshop/core/Router.php |
         Строка: 39
=================
[2019-08-10 15:26:41] Текст ошибки: Метод app\controllers\admin\FilterController::groupEditAction не найден | Файл: /var/www/avshop/vendor/avshop/core/Router.php |
         Строка: 36
=================
[2019-08-10 15:26:50] Текст ошибки: На найден вид /var/www/avshop/app/views/admin/Filter/attribute.php | Файл: /var/www/avshop/vendor/avshop/core/base/View.php |
         Строка: 46
=================
[2019-08-10 15:33:59] Текст ошибки: Метод app\controllers\admin\FilterController::attributeEditAction не найден | Файл: /var/www/avshop/vendor/avshop/core/Router.php |
         Строка: 36
=================
[2019-08-10 15:39:00] Текст ошибки: Метод app\controllers\admin\FilterController::groupEditAction не найден | Файл: /var/www/avshop/vendor/avshop/core/Router.php |
         Строка: 36
=================
[2019-08-10 15:43:13] Текст ошибки: Invalid type: attribute_value | Файл: /var/www/avshop/vendor/gabordemooij/redbean/RedBeanPHP/Util/DispenseHelper.php |
         Строка: 77
=================
[2019-08-10 15:43:48] Текст ошибки: Invalid type: attribute_value | Файл: /var/www/avshop/vendor/gabordemooij/redbean/RedBeanPHP/Util/DispenseHelper.php |
         Строка: 77
=================
[2019-08-10 15:45:27] Текст ошибки: Invalid type: attribute_group | Файл: /var/www/avshop/vendor/gabordemooij/redbean/RedBeanPHP/Util/DispenseHelper.php |
         Строка: 77
=================
[2019-08-10 15:48:45] Текст ошибки: Invalid type: attribute_value | Файл: /var/www/avshop/vendor/gabordemooij/redbean/RedBeanPHP/Util/DispenseHelper.php |
         Строка: 77
=================
[2019-08-10 15:55:12] Текст ошибки: Invalid type: attribute_value | Файл: /var/www/avshop/vendor/gabordemooij/redbean/RedBeanPHP/Util/DispenseHelper.php |
         Строка: 77
=================
[2019-08-10 15:57:27] Текст ошибки: Invalid type: attribute_value | Файл: /var/www/avshop/vendor/gabordemooij/redbean/RedBeanPHP/Util/DispenseHelper.php |
         Строка: 77
=================
[2019-08-10 16:05:38] Текст ошибки: Invalid type: attribute_group | Файл: /var/www/avshop/vendor/gabordemooij/redbean/RedBeanPHP/Util/DispenseHelper.php |
         Строка: 77
=================
[2019-08-10 16:08:33] Текст ошибки: Invalid type: attribute_group | Файл: /var/www/avshop/vendor/gabordemooij/redbean/RedBeanPHP/Util/DispenseHelper.php |
         Строка: 77
=================
[2019-08-10 16:13:40] Текст ошибки: Invalid type: attribute_group | Файл: /var/www/avshop/vendor/gabordemooij/redbean/RedBeanPHP/Util/DispenseHelper.php |
         Строка: 77
=================
[2019-08-10 16:13:51] Текст ошибки: Invalid type: attribute_group | Файл: /var/www/avshop/vendor/gabordemooij/redbean/RedBeanPHP/Util/DispenseHelper.php |
         Строка: 77
=================
[2019-08-10 16:20:33] Текст ошибки: Invalid type: attribute_value | Файл: /var/www/avshop/vendor/gabordemooij/redbean/RedBeanPHP/Util/DispenseHelper.php |
         Строка: 77
=================
[2019-08-10 16:29:45] Текст ошибки: Invalid type: attribute_group | Файл: /var/www/avshop/vendor/gabordemooij/redbean/RedBeanPHP/Util/DispenseHelper.php |
         Строка: 77
=================
[2019-08-10 16:30:48] Текст ошибки: Invalid type: attribute_group | Файл: /var/www/avshop/vendor/gabordemooij/redbean/RedBeanPHP/Util/DispenseHelper.php |
         Строка: 77
=================
[2019-08-10 16:32:38] Текст ошибки: Invalid type: attribute_group | Файл: /var/www/avshop/vendor/gabordemooij/redbean/RedBeanPHP/Util/DispenseHelper.php |
         Строка: 77
=================
[2019-08-10 16:32:44] Текст ошибки: Invalid type: attribute_group | Файл: /var/www/avshop/vendor/gabordemooij/redbean/RedBeanPHP/Util/DispenseHelper.php |
         Строка: 77
=================
[2019-08-10 16:34:09] Текст ошибки: Страница не найдена | Файл: /var/www/avshop/vendor/avshop/core/Router.php |
         Строка: 43
=================
[2019-08-10 16:34:09] Текст ошибки: Страница не найдена | Файл: /var/www/avshop/vendor/avshop/core/Router.php |
         Строка: 43
=================
[2019-08-10 16:34:45] Текст ошибки: Invalid type: attribute_group | Файл: /var/www/avshop/vendor/gabordemooij/redbean/RedBeanPHP/Util/DispenseHelper.php |
         Строка: 77
=================
[2019-08-10 16:35:30] Текст ошибки: Invalid type: attribute_group | Файл: /var/www/avshop/vendor/gabordemooij/redbean/RedBeanPHP/Util/DispenseHelper.php |
         Строка: 77
=================
[2019-08-10 16:37:17] Текст ошибки: Invalid type: attribute_group | Файл: /var/www/avshop/vendor/gabordemooij/redbean/RedBeanPHP/Util/DispenseHelper.php |
         Строка: 77
=================
[2019-08-10 16:38:36] Текст ошибки: Invalid type: attribute_group | Файл: /var/www/avshop/vendor/gabordemooij/redbean/RedBeanPHP/Util/DispenseHelper.php |
         Строка: 77
=================
[2019-08-10 16:45:22] Текст ошибки: Plugin 'xdispense' does not exist, add this plugin using: R::ext('xdispense') | Файл: /var/www/avshop/vendor/gabordemooij/redbean/RedBeanPHP/Facade.php |
         Строка: 2981
=================
[2019-08-10 16:47:11] Текст ошибки: Function name must be a string | Файл: /var/www/avshop/vendor/avshop/core/base/Model.php |
         Строка: 32
=================
[2019-08-10 16:48:38] Текст ошибки: OODB Store requires a bean, got: object | Файл: /var/www/avshop/vendor/gabordemooij/redbean/RedBeanPHP/OODB.php |
         Строка: 119
=================
[2019-08-10 16:53:58] Текст ошибки: Invalid type: attribute_group | Файл: /var/www/avshop/vendor/gabordemooij/redbean/RedBeanPHP/Util/DispenseHelper.php |
         Строка: 77
=================
[2019-08-10 16:56:53] Текст ошибки: Plugin 'xdispense' does not exist, add this plugin using: R::ext('xdispense') | Файл: /var/www/avshop/vendor/gabordemooij/redbean/RedBeanPHP/Facade.php |
         Строка: 2981
=================
[2019-08-10 17:04:52] Текст ошибки: Plugin 'xdispense' does not exist, add this plugin using: R::ext('xdispense') | Файл: /var/www/avshop/vendor/gabordemooij/redbean/RedBeanPHP/Facade.php |
         Строка: 2981
=================
[2019-08-10 17:07:53] Текст ошибки: Plugin 'setStrictTyping' does not exist, add this plugin using: R::ext('setStrictTyping') | Файл: /var/www/avshop/vendor/gabordemooij/redbean/RedBeanPHP/Facade.php |
         Строка: 2981
=================
[2019-08-10 17:16:14] Текст ошибки: Class 'avshop\base\R' not found | Файл: /var/www/avshop/vendor/avshop/core/base/Model.php |
         Строка: 32
=================
[2019-08-10 17:16:53] Текст ошибки: Invalid type: attribute_group | Файл: /var/www/avshop/vendor/gabordemooij/redbean/RedBeanPHP/Util/DispenseHelper.php |
         Строка: 77
=================
[2019-08-10 17:26:58] Текст ошибки: Invalid type: attribute_group | Файл: /var/www/avshop/vendor/gabordemooij/redbean/RedBeanPHP/Util/DispenseHelper.php |
         Строка: 77
=================
[2019-08-10 17:27:04] Текст ошибки: Invalid type: attribute_group | Файл: /var/www/avshop/vendor/gabordemooij/redbean/RedBeanPHP/Util/DispenseHelper.php |
         Строка: 77
=================
[2019-08-10 20:49:03] Текст ошибки: Контроллер app\controllers\admin\CurrencyController не найден | Файл: /var/www/avshop/vendor/avshop/core/Router.php |
         Строка: 39
=================
[2019-08-10 20:51:41] Текст ошибки: Метод app\controllers\admin\CurrencyController::editAction не найден | Файл: /var/www/avshop/vendor/avshop/core/Router.php |
         Строка: 36
=================
[2019-08-10 20:52:06] Текст ошибки: Метод app\controllers\admin\CurrencyController::editAction не найден | Файл: /var/www/avshop/vendor/avshop/core/Router.php |
         Строка: 36
=================
[2019-08-10 21:13:52] Текст ошибки: Страница не найдена | Файл: /var/www/avshop/vendor/avshop/core/Router.php |
         Строка: 43
=================
[2019-08-10 21:14:49] Текст ошибки: Call to a member function grep() on null | Файл: /var/www/avshop/app/views/layouts/avontemplate.php |
         Строка: 296
=================
[2019-08-10 21:14:55] Текст ошибки: Call to a member function grep() on null | Файл: /var/www/avshop/app/views/layouts/avontemplate.php |
         Строка: 296
=================
[2019-08-10 21:15:03] Текст ошибки: Страница не найдена | Файл: /var/www/avshop/vendor/avshop/core/Router.php |
         Строка: 43
=================
[2019-08-10 21:15:11] Текст ошибки: Call to a member function grep() on null | Файл: /var/www/avshop/app/views/layouts/avontemplate.php |
         Строка: 296
=================
[2019-08-10 21:15:25] Текст ошибки: Страница не найдена | Файл: /var/www/avshop/vendor/avshop/core/Router.php |
         Строка: 43
=================
[2019-08-10 21:15:29] Текст ошибки: Call to a member function grep() on null | Файл: /var/www/avshop/app/views/layouts/avontemplate.php |
         Строка: 296
=================
[2019-08-10 21:16:05] Текст ошибки: Call to a member function grep() on null | Файл: /var/www/avshop/app/views/layouts/admin.php |
         Строка: 617
=================
[2019-08-10 21:16:20] Текст ошибки: Call to a member function grep() on null | Файл: /var/www/avshop/app/views/layouts/admin.php |
         Строка: 617
=================
[2019-08-10 21:16:50] Текст ошибки: Call to a member function grep() on null | Файл: /var/www/avshop/app/views/layouts/admin.php |
         Строка: 617
=================
[2019-08-10 21:16:54] Текст ошибки: Call to a member function grep() on null | Файл: /var/www/avshop/app/views/layouts/admin.php |
         Строка: 617
=================
[2019-08-10 21:17:02] Текст ошибки: Call to a member function grep() on null | Файл: /var/www/avshop/app/views/layouts/admin.php |
         Строка: 617
=================
[2019-08-10 21:17:09] Текст ошибки: Call to a member function grep() on null | Файл: /var/www/avshop/app/views/layouts/admin.php |
         Строка: 617
=================
[2019-08-10 21:17:22] Текст ошибки: Call to a member function grep() on null | Файл: /var/www/avshop/app/views/layouts/admin.php |
         Строка: 617
=================
[2019-08-10 21:17:27] Текст ошибки: Call to a member function grep() on null | Файл: /var/www/avshop/app/views/layouts/avontemplate.php |
         Строка: 296
=================
[2019-08-10 21:17:44] Текст ошибки: Call to a member function grep() on null | Файл: /var/www/avshop/app/views/layouts/admin.php |
         Строка: 617
=================
[2019-08-10 21:17:50] Текст ошибки: Call to a member function grep() on null | Файл: /var/www/avshop/app/views/layouts/admin.php |
         Строка: 617
=================
[2019-08-10 21:17:52] Текст ошибки: Call to a member function grep() on null | Файл: /var/www/avshop/app/views/layouts/admin.php |
         Строка: 617
=================
[2019-08-10 21:18:12] Текст ошибки: Call to a member function grep() on null | Файл: /var/www/avshop/app/views/layouts/admin.php |
         Строка: 617
=================
[2019-08-10 21:18:26] Текст ошибки: Call to a member function grep() on null | Файл: /var/www/avshop/app/views/layouts/admin.php |
         Строка: 617
=================
[2019-08-10 21:18:39] Текст ошибки: Call to a member function grep() on null | Файл: /var/www/avshop/app/views/layouts/admin.php |
         Строка: 617
=================
[2019-08-10 21:20:41] Текст ошибки: Call to a member function grep() on null | Файл: /var/www/avshop/app/views/layouts/admin.php |
         Строка: 617
=================
[2019-08-10 21:20:49] Текст ошибки: Call to a member function grep() on null | Файл: /var/www/avshop/app/views/layouts/admin.php |
         Строка: 617
=================
[2019-08-10 21:20:51] Текст ошибки: Call to a member function grep() on null | Файл: /var/www/avshop/app/views/layouts/admin.php |
         Строка: 617
=================
[2019-08-10 21:20:58] Текст ошибки: Call to a member function grep() on null | Файл: /var/www/avshop/app/views/layouts/avontemplate.php |
         Строка: 296
=================
[2019-08-10 21:21:04] Текст ошибки: Call to a member function grep() on null | Файл: /var/www/avshop/app/views/layouts/avontemplate.php |
         Строка: 296
=================
[2019-08-10 21:21:10] Текст ошибки: Call to a member function grep() on null | Файл: /var/www/avshop/app/views/layouts/avontemplate.php |
         Строка: 296
=================
[2019-08-10 21:21:42] Текст ошибки: Call to a member function grep() on null | Файл: /var/www/avshop/app/views/layouts/avontemplate.php |
         Строка: 296
=================
[2019-08-10 21:22:03] Текст ошибки: Call to a member function grep() on null | Файл: /var/www/avshop/app/views/layouts/avontemplate.php |
         Строка: 296
=================
[2019-08-10 21:22:05] Текст ошибки: Call to a member function grep() on null | Файл: /var/www/avshop/app/views/layouts/avontemplate.php |
         Строка: 296
=================
[2019-08-10 21:42:16] Текст ошибки: Страница не найдена | Файл: /var/www/avshop/app/controllers/admin/OrderController.php |
         Строка: 39
=================
[2019-08-11 11:15:44] Текст ошибки: Страница не найдена | Файл: /var/www/avshop/vendor/avshop/core/Router.php |
         Строка: 43
=================
[2019-08-11 11:22:09] Текст ошибки: Контроллер app\controllers\admin\BrandController не найден | Файл: /var/www/avshop/vendor/avshop/core/Router.php |
         Строка: 39
=================
[2019-08-11 11:53:39] Текст ошибки: Метод app\controllers\admin\BrandController::brandAddAction не найден | Файл: /var/www/avshop/vendor/avshop/core/Router.php |
         Строка: 36
=================
[2019-08-11 11:56:05] Текст ошибки: Метод app\controllers\admin\BrandController::addAction не найден | Файл: /var/www/avshop/vendor/avshop/core/Router.php |
         Строка: 36
=================
[2019-08-11 11:58:40] Текст ошибки: Метод app\controllers\admin\BrandController::addAction не найден | Файл: /var/www/avshop/vendor/avshop/core/Router.php |
         Строка: 36
=================
[2019-08-11 12:19:12] Текст ошибки: Метод app\controllers\admin\BrandController::addAction не найден | Файл: /var/www/avshop/vendor/avshop/core/Router.php |
         Строка: 36
=================
[2019-08-11 13:14:45] Текст ошибки: Метод app\controllers\admin\BrandController::brandEditAction не найден | Файл: /var/www/avshop/vendor/avshop/core/Router.php |
         Строка: 36
=================
[2019-08-11 13:45:24] Текст ошибки: Метод app\controllers\admin\BrandController::deleteAction не найден | Файл: /var/www/avshop/vendor/avshop/core/Router.php |
         Строка: 36
=================
[2019-08-11 16:08:33] Текст ошибки: Страница не найдена | Файл: /var/www/avshop/vendor/avshop/core/Router.php |
         Строка: 43
=================
[2019-08-11 16:35:40] Текст ошибки: SQLSTATE[HY093]: Invalid parameter number: number of bound variables does not match number of tokens | Файл: /var/www/avshop/vendor/gabordemooij/redbean/RedBeanPHP/Driver/RPDO.php |
         Строка: 194
=================
[2019-08-11 16:37:26] Текст ошибки: SQLSTATE[HY093]: Invalid parameter number: number of bound variables does not match number of tokens | Файл: /var/www/avshop/vendor/gabordemooij/redbean/RedBeanPHP/Driver/RPDO.php |
         Строка: 194
=================
[2019-08-11 16:39:27] Текст ошибки: SQLSTATE[HY093]: Invalid parameter number: number of bound variables does not match number of tokens | Файл: /var/www/avshop/vendor/gabordemooij/redbean/RedBeanPHP/Driver/RPDO.php |
         Строка: 194
=================
[2019-08-11 16:39:48] Текст ошибки: SQLSTATE[HY093]: Invalid parameter number: number of bound variables does not match number of tokens | Файл: /var/www/avshop/vendor/gabordemooij/redbean/RedBeanPHP/Driver/RPDO.php |
         Строка: 194
=================
[2019-08-11 17:36:28] Текст ошибки: На найден вид /var/www/avshop/app/views/Cart/add.php | Файл: /var/www/avshop/vendor/avshop/core/base/View.php |
         Строка: 46
=================
[2019-08-11 17:36:42] Текст ошибки: На найден вид /var/www/avshop/app/views/Cart/add.php | Файл: /var/www/avshop/vendor/avshop/core/base/View.php |
         Строка: 46
=================
[2019-08-11 17:37:57] Текст ошибки: На найден вид /var/www/avshop/app/views/Cart/add.php | Файл: /var/www/avshop/vendor/avshop/core/base/View.php |
         Строка: 46
=================
[2019-08-11 17:40:56] Текст ошибки: На найден вид /var/www/avshop/app/views/Cart/add.php | Файл: /var/www/avshop/vendor/avshop/core/base/View.php |
         Строка: 46
=================
[2019-08-11 17:41:22] Текст ошибки: На найден вид /var/www/avshop/app/views/Cart/add.php | Файл: /var/www/avshop/vendor/avshop/core/base/View.php |
         Строка: 46
=================
[2019-08-11 17:42:38] Текст ошибки: На найден вид /var/www/avshop/app/views/Cart/add.php | Файл: /var/www/avshop/vendor/avshop/core/base/View.php |
         Строка: 46
=================
[2019-08-11 17:42:53] Текст ошибки: На найден вид /var/www/avshop/app/views/Cart/add.php | Файл: /var/www/avshop/vendor/avshop/core/base/View.php |
         Строка: 46
=================
[2019-08-11 17:44:04] Текст ошибки: На найден вид /var/www/avshop/app/views/Cart/add.php | Файл: /var/www/avshop/vendor/avshop/core/base/View.php |
         Строка: 46
=================
[2019-08-11 17:46:16] Текст ошибки: На найден вид /var/www/avshop/app/views/Cart/add.php | Файл: /var/www/avshop/vendor/avshop/core/base/View.php |
         Строка: 46
=================
[2019-08-11 17:54:32] Текст ошибки: На найден вид /var/www/avshop/app/views/Cart/add.php | Файл: /var/www/avshop/vendor/avshop/core/base/View.php |
         Строка: 46
=================
[2019-08-11 17:54:39] Текст ошибки: На найден вид /var/www/avshop/app/views/Cart/add.php | Файл: /var/www/avshop/vendor/avshop/core/base/View.php |
         Строка: 46
=================
[2019-08-11 18:02:50] Текст ошибки: На найден вид /var/www/avshop/app/views/Cart/add.php | Файл: /var/www/avshop/vendor/avshop/core/base/View.php |
         Строка: 46
=================
[2019-08-11 18:03:22] Текст ошибки: На найден вид /var/www/avshop/app/views/Cart/add.php | Файл: /var/www/avshop/vendor/avshop/core/base/View.php |
         Строка: 46
=================
[2019-08-11 18:03:59] Текст ошибки: На найден вид /var/www/avshop/app/views/Cart/add.php | Файл: /var/www/avshop/vendor/avshop/core/base/View.php |
         Строка: 46
=================
[2019-08-11 18:04:06] Текст ошибки: На найден вид /var/www/avshop/app/views/Cart/add.php | Файл: /var/www/avshop/vendor/avshop/core/base/View.php |
         Строка: 46
=================
[2019-08-11 18:08:59] Текст ошибки: Страница не найдена | Файл: /var/www/avshop/vendor/avshop/core/Router.php |
         Строка: 43
=================
[2019-08-11 18:09:06] Текст ошибки: Страница не найдена | Файл: /var/www/avshop/vendor/avshop/core/Router.php |
         Строка: 43
=================
[2019-08-11 18:10:46] Текст ошибки: На найден вид /var/www/avshop/app/views/Cart/add.php | Файл: /var/www/avshop/vendor/avshop/core/base/View.php |
         Строка: 46
=================
[2019-08-11 18:11:06] Текст ошибки: На найден вид /var/www/avshop/app/views/Cart/add.php | Файл: /var/www/avshop/vendor/avshop/core/base/View.php |
         Строка: 46
=================
[2019-08-11 18:12:26] Текст ошибки: На найден вид /var/www/avshop/app/views/Cart/add.php | Файл: /var/www/avshop/vendor/avshop/core/base/View.php |
         Строка: 46
=================
[2019-08-11 18:13:04] Текст ошибки: На найден вид /var/www/avshop/app/views/Cart/add.php | Файл: /var/www/avshop/vendor/avshop/core/base/View.php |
         Строка: 46
=================
[2019-08-11 18:13:50] Текст ошибки: На найден вид /var/www/avshop/app/views/Cart/add.php | Файл: /var/www/avshop/vendor/avshop/core/base/View.php |
         Строка: 46
=================
[2019-08-11 18:16:09] Текст ошибки: Страница не найдена | Файл: /var/www/avshop/vendor/avshop/core/Router.php |
         Строка: 43
=================
[2019-08-11 18:20:03] Текст ошибки: Метод app\controllers\AppController::indexAction не найден | Файл: /var/www/avshop/vendor/avshop/core/Router.php |
         Строка: 36
=================
[2019-08-11 18:25:25] Текст ошибки: Метод app\controllers\AppController::indexAction не найден | Файл: /var/www/avshop/vendor/avshop/core/Router.php |
         Строка: 36
=================
[2019-08-11 18:25:48] Текст ошибки: На найден вид /var/www/avshop/app/views/Cart/add.php | Файл: /var/www/avshop/vendor/avshop/core/base/View.php |
         Строка: 46
=================
[2019-08-11 18:34:11] Текст ошибки: Метод app\controllers\AppController::indexAction не найден | Файл: /var/www/avshop/vendor/avshop/core/Router.php |
         Строка: 36
=================
[2019-08-11 18:37:29] Текст ошибки: На найден вид /var/www/avshop/app/views/Cart/add.php | Файл: /var/www/avshop/vendor/avshop/core/base/View.php |
         Строка: 46
=================
[2019-08-11 18:53:48] Текст ошибки: На найден вид /var/www/avshop/app/views/Cart/add.php | Файл: /var/www/avshop/vendor/avshop/core/base/View.php |
         Строка: 46
=================
[2019-08-11 19:02:16] Текст ошибки: На найден вид /var/www/avshop/app/views/Cart/add.php | Файл: /var/www/avshop/vendor/avshop/core/base/View.php |
         Строка: 46
=================
[2019-08-11 19:02:20] Текст ошибки: На найден вид /var/www/avshop/app/views/Cart/add.php | Файл: /var/www/avshop/vendor/avshop/core/base/View.php |
         Строка: 46
=================
[2019-08-11 19:02:24] Текст ошибки: На найден вид /var/www/avshop/app/views/Cart/add.php | Файл: /var/www/avshop/vendor/avshop/core/base/View.php |
         Строка: 46
=================
[2019-08-11 19:09:19] Текст ошибки: Страница не найдена | Файл: /var/www/avshop/vendor/avshop/core/Router.php |
         Строка: 43
=================
[2019-08-11 19:09:20] Текст ошибки: Страница не найдена | Файл: /var/www/avshop/vendor/avshop/core/Router.php |
         Строка: 43
=================
[2019-08-11 19:24:48] Текст ошибки: На найден вид /var/www/avshop/app/views/Cart/add.php | Файл: /var/www/avshop/vendor/avshop/core/base/View.php |
         Строка: 46
=================
[2019-08-11 19:28:09] Текст ошибки: На найден вид /var/www/avshop/app/views/Cart/add.php | Файл: /var/www/avshop/vendor/avshop/core/base/View.php |
         Строка: 46
=================
[2019-08-11 21:24:45] Текст ошибки: На найден вид /var/www/avshop/app/views/Cart/add.php | Файл: /var/www/avshop/vendor/avshop/core/base/View.php |
         Строка: 46
=================
[2019-08-11 21:24:57] Текст ошибки: На найден вид /var/www/avshop/app/views/Cart/add.php | Файл: /var/www/avshop/vendor/avshop/core/base/View.php |
         Строка: 46
=================
[2019-08-11 21:27:58] Текст ошибки: На найден вид /var/www/avshop/app/views/Cart/add.php | Файл: /var/www/avshop/vendor/avshop/core/base/View.php |
         Строка: 46
=================
[2019-08-17 14:00:22] Текст ошибки: Страница не найдена | Файл: /var/www/avshop/vendor/avshop/core/Router.php |
         Строка: 43
=================
[2019-08-17 14:00:22] Текст ошибки: Страница не найдена | Файл: /var/www/avshop/vendor/avshop/core/Router.php |
         Строка: 43
=================
[2019-08-17 14:01:05] Текст ошибки: На найден вид /var/www/avshop/app/views/Cart/add.php | Файл: /var/www/avshop/vendor/avshop/core/base/View.php |
         Строка: 46
=================
[2019-08-17 15:34:49] Текст ошибки: Контроллер app\controllers\HowtoshopController не найден | Файл: /var/www/avshop/vendor/avshop/core/Router.php |
         Строка: 39
=================
[2019-08-17 15:37:33] Текст ошибки: Контроллер app\controllers\HowtoshopController не найден | Файл: /var/www/avshop/vendor/avshop/core/Router.php |
         Строка: 39
=================
[2019-08-17 15:42:07] Текст ошибки: Контроллер app\controllers\HowtoshopController не найден | Файл: /var/www/avshop/vendor/avshop/core/Router.php |
         Строка: 39
=================
[2019-08-17 15:42:53] Текст ошибки: Контроллер app\controllers\HowtoshopController не найден | Файл: /var/www/avshop/vendor/avshop/core/Router.php |
         Строка: 39
=================
[2019-08-17 15:50:45] Текст ошибки: Страница не найдена | Файл: /var/www/avshop/vendor/avshop/core/Router.php |
         Строка: 43
=================
[2019-08-17 15:52:23] Текст ошибки: Метод app\controllers\HowtoshopController::indexAction не найден | Файл: /var/www/avshop/vendor/avshop/core/Router.php |
         Строка: 36
=================
[2019-08-17 15:52:42] Текст ошибки: Страница не найдена | Файл: /var/www/avshop/vendor/avshop/core/Router.php |
         Строка: 43
=================
[2019-08-17 15:56:01] Текст ошибки: Страница не найдена | Файл: /var/www/avshop/app/controllers/HowtoshopController.php |
         Строка: 13
=================
[2019-08-17 15:59:59] Текст ошибки: Страница не найдена | Файл: /var/www/avshop/app/controllers/HowtoshopController.php |
         Строка: 13
=================
[2019-08-17 16:01:36] Текст ошибки: На найден вид /var/www/avshop/app/views/Howtoshop/view.php | Файл: /var/www/avshop/vendor/avshop/core/base/View.php |
         Строка: 46
=================
[2019-08-17 16:01:57] Текст ошибки: Страница не найдена | Файл: /var/www/avshop/app/controllers/HowtoshopController.php |
         Строка: 15
=================
[2019-08-17 16:02:03] Текст ошибки: На найден вид /var/www/avshop/app/views/Howtoshop/view.php | Файл: /var/www/avshop/vendor/avshop/core/base/View.php |
         Строка: 46
=================
[2019-08-17 16:02:06] Текст ошибки: На найден вид /var/www/avshop/app/views/Howtoshop/view.php | Файл: /var/www/avshop/vendor/avshop/core/base/View.php |
         Строка: 46
=================
[2019-08-17 16:06:30] Текст ошибки: Страница не найдена | Файл: /var/www/avshop/vendor/avshop/core/Router.php |
         Строка: 43
=================
[2019-08-17 16:06:59] Текст ошибки: Страница не найдена | Файл: /var/www/avshop/vendor/avshop/core/Router.php |
         Строка: 43
=================
[2019-08-17 16:07:01] Текст ошибки: Страница не найдена | Файл: /var/www/avshop/vendor/avshop/core/Router.php |
         Строка: 43
=================
[2019-08-17 16:08:22] Текст ошибки: Страница не найдена | Файл: /var/www/avshop/app/controllers/HowtoshopController.php |
         Строка: 13
=================
[2019-08-17 16:10:42] Текст ошибки: Страница не найдена | Файл: /var/www/avshop/app/controllers/HowtoshopController.php |
         Строка: 13
=================
[2019-08-17 16:10:45] Текст ошибки: Страница не найдена | Файл: /var/www/avshop/app/controllers/HowtoshopController.php |
         Строка: 13
=================
[2019-08-17 16:10:46] Текст ошибки: Страница не найдена | Файл: /var/www/avshop/app/controllers/HowtoshopController.php |
         Строка: 13
=================
[2019-08-17 16:12:36] Текст ошибки: Страница не найдена | Файл: /var/www/avshop/vendor/avshop/core/Router.php |
         Строка: 43
=================
[2019-08-17 16:12:40] Текст ошибки: Страница не найдена | Файл: /var/www/avshop/vendor/avshop/core/Router.php |
         Строка: 43
=================
[2019-08-17 16:12:44] Текст ошибки: Страница не найдена | Файл: /var/www/avshop/app/controllers/HowtoshopController.php |
         Строка: 15
=================
[2019-08-17 16:12:49] Текст ошибки: Страница не найдена | Файл: /var/www/avshop/vendor/avshop/core/Router.php |
         Строка: 43
=================
[2019-08-17 16:12:52] Текст ошибки: Страница не найдена | Файл: /var/www/avshop/app/controllers/HowtoshopController.php |
         Строка: 15
=================
[2019-08-17 16:12:58] Текст ошибки: Страница не найдена | Файл: /var/www/avshop/app/controllers/HowtoshopController.php |
         Строка: 15
=================
[2019-08-17 16:13:02] Текст ошибки: Страница не найдена | Файл: /var/www/avshop/app/controllers/HowtoshopController.php |
         Строка: 15
=================
[2019-08-17 16:13:04] Текст ошибки: Страница не найдена | Файл: /var/www/avshop/vendor/avshop/core/Router.php |
         Строка: 43
=================
[2019-08-17 16:13:06] Текст ошибки: Страница не найдена | Файл: /var/www/avshop/vendor/avshop/core/Router.php |
         Строка: 43
=================
[2019-08-17 18:41:01] Текст ошибки: Страница не найдена | Файл: /var/www/avshop/app/controllers/HowtoshopController.php |
         Строка: 15
=================
[2019-08-17 18:50:32] Текст ошибки: Страница не найдена | Файл: /var/www/avshop/vendor/avshop/core/Router.php |
         Строка: 43
=================
[2019-08-17 18:55:49] Текст ошибки: Страница не найдена | Файл: /var/www/avshop/vendor/avshop/core/Router.php |
         Строка: 43
=================
[2019-08-17 19:23:02] Текст ошибки: На найден вид /var/www/avshop/app/views/Cart/add.php | Файл: /var/www/avshop/vendor/avshop/core/base/View.php |
         Строка: 46
=================
[2019-08-17 19:25:31] Текст ошибки: На найден вид /var/www/avshop/app/views/Cart/add.php | Файл: /var/www/avshop/vendor/avshop/core/base/View.php |
         Строка: 46
=================
[2019-08-18 11:57:48] Текст ошибки: Страница не найдена | Файл: /var/www/avshop/vendor/avshop/core/Router.php |
         Строка: 43
=================
[2019-08-18 11:57:48] Текст ошибки: Страница не найдена | Файл: /var/www/avshop/vendor/avshop/core/Router.php |
         Строка: 43
=================
[2019-08-18 13:51:18] Текст ошибки: Страница не найдена | Файл: /var/www/avshop/vendor/avshop/core/Router.php |
         Строка: 43
=================
[2019-08-18 13:52:28] Текст ошибки: Страница не найдена | Файл: /var/www/avshop/vendor/avshop/core/Router.php |
         Строка: 43
=================
[2019-08-18 13:52:28] Текст ошибки: Страница не найдена | Файл: /var/www/avshop/vendor/avshop/core/Router.php |
         Строка: 43
=================
[2019-08-18 13:53:45] Текст ошибки: Страница не найдена | Файл: /var/www/avshop/vendor/avshop/core/Router.php |
         Строка: 43
=================
[2019-08-18 13:54:59] Текст ошибки: Страница не найдена | Файл: /var/www/avshop/vendor/avshop/core/Router.php |
         Строка: 43
=================
[2019-08-18 13:55:42] Текст ошибки: Страница не найдена | Файл: /var/www/avshop/vendor/avshop/core/Router.php |
         Строка: 43
=================
[2019-08-18 13:56:47] Текст ошибки: Страница не найдена | Файл: /var/www/avshop/vendor/avshop/core/Router.php |
         Строка: 43
=================
[2019-08-18 13:56:47] Текст ошибки: Страница не найдена | Файл: /var/www/avshop/vendor/avshop/core/Router.php |
         Строка: 43
=================
[2019-08-18 13:58:05] Текст ошибки: Страница не найдена | Файл: /var/www/avshop/vendor/avshop/core/Router.php |
         Строка: 43
=================
[2019-08-18 14:06:04] Текст ошибки: Страница не найдена | Файл: /var/www/avshop/vendor/avshop/core/Router.php |
         Строка: 43
=================
[2019-08-18 14:08:48] Текст ошибки: Страница не найдена | Файл: /var/www/avshop/vendor/avshop/core/Router.php |
         Строка: 43
=================
[2019-08-18 14:12:16] Текст ошибки: Страница не найдена | Файл: /var/www/avshop/vendor/avshop/core/Router.php |
         Строка: 43
=================
[2019-08-18 14:15:07] Текст ошибки: Страница не найдена | Файл: /var/www/avshop/vendor/avshop/core/Router.php |
         Строка: 43
=================
[2019-08-18 14:15:57] Текст ошибки: Страница не найдена | Файл: /var/www/avshop/vendor/avshop/core/Router.php |
         Строка: 43
=================
[2019-08-18 14:16:52] Текст ошибки: Страница не найдена | Файл: /var/www/avshop/vendor/avshop/core/Router.php |
         Строка: 43
=================
[2019-08-18 14:18:27] Текст ошибки: Страница не найдена | Файл: /var/www/avshop/vendor/avshop/core/Router.php |
         Строка: 43
=================
[2019-08-18 14:19:30] Текст ошибки: Страница не найдена | Файл: /var/www/avshop/vendor/avshop/core/Router.php |
         Строка: 43
=================
[2019-08-18 14:20:19] Текст ошибки: Страница не найдена | Файл: /var/www/avshop/vendor/avshop/core/Router.php |
         Строка: 43
=================
[2019-08-18 14:21:04] Текст ошибки: Страница не найдена | Файл: /var/www/avshop/vendor/avshop/core/Router.php |
         Строка: 43
=================
[2019-08-18 14:22:19] Текст ошибки: Страница не найдена | Файл: /var/www/avshop/vendor/avshop/core/Router.php |
         Строка: 43
=================
[2019-08-18 14:23:27] Текст ошибки: Страница не найдена | Файл: /var/www/avshop/vendor/avshop/core/Router.php |
         Строка: 43
=================
[2019-08-18 14:23:27] Текст ошибки: Страница не найдена | Файл: /var/www/avshop/vendor/avshop/core/Router.php |
         Строка: 43
=================
[2019-08-18 14:26:53] Текст ошибки: Страница не найдена | Файл: /var/www/avshop/vendor/avshop/core/Router.php |
         Строка: 43
=================
[2019-08-18 14:31:16] Текст ошибки: Страница не найдена | Файл: /var/www/avshop/vendor/avshop/core/Router.php |
         Строка: 43
=================
[2019-08-18 14:33:11] Текст ошибки: Страница не найдена | Файл: /var/www/avshop/vendor/avshop/core/Router.php |
         Строка: 43
=================
[2019-08-18 14:33:12] Текст ошибки: Expected array, integer given. | Файл: /var/www/avshop/vendor/gabordemooij/redbean/RedBeanPHP/Finder.php |
         Строка: 146
=================
[2019-08-18 14:34:09] Текст ошибки: Страница не найдена | Файл: /var/www/avshop/vendor/avshop/core/Router.php |
         Строка: 43
=================
[2019-08-21 22:01:22] Текст ошибки: Страница не найдена | Файл: /var/www/avshop/vendor/avshop/core/Router.php |
         Строка: 43
=================
[2019-08-21 22:01:32] Текст ошибки: На найден вид /var/www/avshop/app/views/Cart/add.php | Файл: /var/www/avshop/vendor/avshop/core/base/View.php |
         Строка: 46
=================
[2019-08-21 22:11:49] Текст ошибки: Страница не найдена | Файл: /var/www/avshop/vendor/avshop/core/Router.php |
         Строка: 43
=================
[2019-08-21 22:11:49] Текст ошибки: Страница не найдена | Файл: /var/www/avshop/vendor/avshop/core/Router.php |
         Строка: 43
=================
[2019-08-21 22:11:51] Текст ошибки: Expected array, integer given. | Файл: /var/www/avshop/vendor/gabordemooij/redbean/RedBeanPHP/Finder.php |
         Строка: 146
=================
[2019-08-21 22:12:44] Текст ошибки: Страница не найдена | Файл: /var/www/avshop/vendor/avshop/core/Router.php |
         Строка: 43
=================
[2019-08-21 22:12:45] Текст ошибки: Expected array, integer given. | Файл: /var/www/avshop/vendor/gabordemooij/redbean/RedBeanPHP/Finder.php |
         Строка: 146
=================
[2019-08-21 22:13:35] Текст ошибки: Страница не найдена | Файл: /var/www/avshop/vendor/avshop/core/Router.php |
         Строка: 43
=================
[2019-08-21 22:13:37] Текст ошибки: Страница не найдена | Файл: /var/www/avshop/vendor/avshop/core/Router.php |
         Строка: 43
=================
[2019-08-21 22:13:37] Текст ошибки: Страница не найдена | Файл: /var/www/avshop/vendor/avshop/core/Router.php |
         Строка: 43
=================
[2019-08-21 22:13:37] Текст ошибки: Страница не найдена | Файл: /var/www/avshop/vendor/avshop/core/Router.php |
         Строка: 43
=================
[2019-08-21 22:13:37] Текст ошибки: Страница не найдена | Файл: /var/www/avshop/vendor/avshop/core/Router.php |
         Строка: 43
=================
[2019-08-21 22:13:37] Текст ошибки: Страница не найдена | Файл: /var/www/avshop/vendor/avshop/core/Router.php |
         Строка: 43
=================
[2019-08-21 22:13:37] Текст ошибки: Страница не найдена | Файл: /var/www/avshop/vendor/avshop/core/Router.php |
         Строка: 43
=================
[2019-08-21 22:13:37] Текст ошибки: Страница не найдена | Файл: /var/www/avshop/vendor/avshop/core/Router.php |
         Строка: 43
=================
[2019-08-21 22:13:37] Текст ошибки: Страница не найдена | Файл: /var/www/avshop/vendor/avshop/core/Router.php |
         Строка: 43
=================
[2019-08-21 22:15:34] Текст ошибки: Страница не найдена | Файл: /var/www/avshop/vendor/avshop/core/Router.php |
         Строка: 43
=================
[2019-08-21 22:15:36] Текст ошибки: Страница не найдена | Файл: /var/www/avshop/vendor/avshop/core/Router.php |
         Строка: 43
=================
[2019-08-21 22:15:36] Текст ошибки: Страница не найдена | Файл: /var/www/avshop/vendor/avshop/core/Router.php |
         Строка: 43
=================
[2019-08-21 22:15:36] Текст ошибки: Страница не найдена | Файл: /var/www/avshop/vendor/avshop/core/Router.php |
         Строка: 43
=================
[2019-08-21 22:15:36] Текст ошибки: Страница не найдена | Файл: /var/www/avshop/vendor/avshop/core/Router.php |
         Строка: 43
=================
[2019-08-21 22:15:36] Текст ошибки: Страница не найдена | Файл: /var/www/avshop/vendor/avshop/core/Router.php |
         Строка: 43
=================
[2019-08-21 22:15:36] Текст ошибки: Страница не найдена | Файл: /var/www/avshop/vendor/avshop/core/Router.php |
         Строка: 43
=================
[2019-08-21 22:15:36] Текст ошибки: Страница не найдена | Файл: /var/www/avshop/vendor/avshop/core/Router.php |
         Строка: 43
=================
[2019-08-21 22:15:36] Текст ошибки: Страница не найдена | Файл: /var/www/avshop/vendor/avshop/core/Router.php |
         Строка: 43
=================
[2019-08-21 22:16:47] Текст ошибки: Страница не найдена | Файл: /var/www/avshop/vendor/avshop/core/Router.php |
         Строка: 43
=================
[2019-08-21 22:16:47] Текст ошибки: Страница не найдена | Файл: /var/www/avshop/vendor/avshop/core/Router.php |
         Строка: 43
=================
[2019-08-21 22:19:34] Текст ошибки: Страница не найдена | Файл: /var/www/avshop/vendor/avshop/core/Router.php |
         Строка: 43
=================
[2019-08-21 22:19:34] Текст ошибки: Страница не найдена | Файл: /var/www/avshop/vendor/avshop/core/Router.php |
         Строка: 43
=================
[2019-08-21 22:24:18] Текст ошибки: Страница не найдена | Файл: /var/www/avshop/vendor/avshop/core/Router.php |
         Строка: 43
=================
[2019-08-21 22:24:20] Текст ошибки: SQLSTATE[HY093]: Invalid parameter number: number of bound variables does not match number of tokens | Файл: /var/www/avshop/vendor/gabordemooij/redbean/RedBeanPHP/Driver/RPDO.php |
         Строка: 194
=================
[2019-08-21 22:25:04] Текст ошибки: Страница не найдена | Файл: /var/www/avshop/vendor/avshop/core/Router.php |
         Строка: 43
=================
[2019-08-21 22:25:05] Текст ошибки: SQLSTATE[HY093]: Invalid parameter number: number of bound variables does not match number of tokens | Файл: /var/www/avshop/vendor/gabordemooij/redbean/RedBeanPHP/Driver/RPDO.php |
         Строка: 194
=================
[2019-08-21 22:28:21] Текст ошибки: Страница не найдена | Файл: /var/www/avshop/vendor/avshop/core/Router.php |
         Строка: 43
=================
[2019-08-21 22:29:46] Текст ошибки: Страница не найдена | Файл: /var/www/avshop/vendor/avshop/core/Router.php |
         Строка: 43
=================
[2019-08-21 22:29:46] Текст ошибки: Страница не найдена | Файл: /var/www/avshop/vendor/avshop/core/Router.php |
         Строка: 43
=================
[2019-08-24 21:43:19] Текст ошибки: Страница не найдена | Файл: /var/www/avshop/vendor/avshop/core/Router.php |
         Строка: 43
=================
[2019-08-24 21:43:19] Текст ошибки: Страница не найдена | Файл: /var/www/avshop/vendor/avshop/core/Router.php |
         Строка: 43
=================
[2019-08-24 21:43:58] Текст ошибки: Страница не найдена | Файл: /var/www/avshop/vendor/avshop/core/Router.php |
         Строка: 43
=================
[2019-08-24 21:45:16] Текст ошибки: На найден вид /var/www/avshop/app/views/Cart/add.php | Файл: /var/www/avshop/vendor/avshop/core/base/View.php |
         Строка: 46
=================
[2019-08-24 22:49:19] Текст ошибки: На найден вид /var/www/avshop/app/views/Cart/add.php | Файл: /var/www/avshop/vendor/avshop/core/base/View.php |
         Строка: 46
=================
[2019-08-25 13:17:16] Текст ошибки: Страница не найдена | Файл: /var/www/avshop/vendor/avshop/core/Router.php |
         Строка: 43
=================
[2019-08-25 14:08:24] Текст ошибки: На найден вид /var/www/avshop/app/views/Cart/add.php | Файл: /var/www/avshop/vendor/avshop/core/base/View.php |
         Строка: 46
=================
[2019-08-25 14:41:49] Текст ошибки: Страница не найдена | Файл: /var/www/avshop/app/controllers/admin/OrderController.php |
         Строка: 39
=================
[2019-08-31 14:14:17] Текст ошибки: Страница не найдена | Файл: /var/www/avshop/vendor/avshop/core/Router.php |
         Строка: 43
=================
[2019-08-31 14:14:17] Текст ошибки: Страница не найдена | Файл: /var/www/avshop/vendor/avshop/core/Router.php |
         Строка: 43
=================
[2019-08-31 20:26:53] Текст ошибки: На найден вид /var/www/avshop/app/views/Cart/add.php | Файл: /var/www/avshop/vendor/avshop/core/base/View.php |
         Строка: 46
=================
